  Compiling CUDA source file kernel.cu...
  
  C:\Users\cliente\Desktop\cudaProjects\centroidParalelo\centroidParalelo>"C:\Program Files\NVIDIA GPU Computing Toolkit\CUDA\v9.0\bin\nvcc.exe" -gencode=arch=compute_30,code=\"sm_30,compute_30\" --use-local-env --cl-version 2015 -ccbin "C:\Program Files (x86)\Microsoft Visual Studio 14.0\VC\bin\x86_amd64" -x cu  -I"C:\Program Files\NVIDIA GPU Computing Toolkit\CUDA\v9.0\include" -I"C:\Program Files\NVIDIA GPU Computing Toolkit\CUDA\v9.0\include"  -G   --keep-dir x64\Debug -maxrregcount=0  --machine 64 --compile -cudart static  -g   -DWIN32 -DWIN64 -D_DEBUG -D_CONSOLE -D_MBCS -Xcompiler "/EHsc /W3 /nologo /Od /FS /Zi /RTC1 /MDd " -o x64\Debug\kernel.cu.obj "C:\Users\cliente\Desktop\cudaProjects\centroidParalelo\centroidParalelo\kernel.cu" 
C:/Users/cliente/Desktop/cudaProjects/centroidParalelo/centroidParalelo/kernel.cu(609): warning : variable "matrizDissimilaridade" was declared but never referenced
C:/Users/cliente/Desktop/cudaProjects/centroidParalelo/centroidParalelo/kernel.cu(612): warning : variable "grupoTempG" was declared but never referenced
C:/Users/cliente/Desktop/cudaProjects/centroidParalelo/centroidParalelo/kernel.cu(614): warning : variable "maiorDiss" was declared but never referenced
C:/Users/cliente/Desktop/cudaProjects/centroidParalelo/centroidParalelo/kernel.cu(609): warning : variable "matrizDissimilaridade" was declared but never referenced
C:/Users/cliente/Desktop/cudaProjects/centroidParalelo/centroidParalelo/kernel.cu(612): warning : variable "grupoTempG" was declared but never referenced
C:/Users/cliente/Desktop/cudaProjects/centroidParalelo/centroidParalelo/kernel.cu(614): warning : variable "maiorDiss" was declared but never referenced
  kernel.cu
C:/Users/cliente/Desktop/cudaProjects/centroidParalelo/centroidParalelo/kernel.cu(51): warning C4244: '=': conversion from 'int' to 'float', possible loss of data
C:/Users/cliente/Desktop/cudaProjects/centroidParalelo/centroidParalelo/kernel.cu(53): warning C4244: '=': conversion from 'int' to 'float', possible loss of data
C:/Users/cliente/Desktop/cudaProjects/centroidParalelo/centroidParalelo/kernel.cu(101): warning C4244: '=': conversion from 'int' to 'float', possible loss of data
C:/Users/cliente/Desktop/cudaProjects/centroidParalelo/centroidParalelo/kernel.cu(103): warning C4244: '=': conversion from 'int' to 'float', possible loss of data
C:/Users/cliente/Desktop/cudaProjects/centroidParalelo/centroidParalelo/kernel.cu(255): warning C4305: '=': truncation from 'double' to 'float'
C:/Users/cliente/Desktop/cudaProjects/centroidParalelo/centroidParalelo/kernel.cu(504): warning C4244: '=': conversion from 'int' to 'float', possible loss of data
C:/Users/cliente/Desktop/cudaProjects/centroidParalelo/centroidParalelo/kernel.cu(539): warning C4305: '=': truncation from 'double' to 'float'
C:/Users/cliente/Desktop/cudaProjects/centroidParalelo/centroidParalelo/kernel.cu(540): warning C4305: '=': truncation from 'double' to 'float'
C:/Users/cliente/Desktop/cudaProjects/centroidParalelo/centroidParalelo/kernel.cu(634): warning C4244: '=': conversion from 'DWORD' to 'float', possible loss of data
C:/Users/cliente/Desktop/cudaProjects/centroidParalelo/centroidParalelo/kernel.cu(609): warning C4101: 'matrizDissimilaridade': unreferenced local variable
C:/Users/cliente/Desktop/cudaProjects/centroidParalelo/centroidParalelo/kernel.cu(612): warning C4101: 'grupoTempG': unreferenced local variable
C:/Users/cliente/Desktop/cudaProjects/centroidParalelo/centroidParalelo/kernel.cu(614): warning C4101: 'maiorDiss': unreferenced local variable
  centroidParalelo.vcxproj -> C:\Users\cliente\Desktop\cudaProjects\centroidParalelo\x64\Debug\centroidParalelo.exe
  centroidParalelo.vcxproj -> C:\Users\cliente\Desktop\cudaProjects\centroidParalelo\x64\Debug\centroidParalelo.pdb (Full PDB)
  copy "C:\Program Files\NVIDIA GPU Computing Toolkit\CUDA\v9.0\bin\cudart*.dll" "C:\Users\cliente\Desktop\cudaProjects\centroidParalelo\x64\Debug\"
  C:\Program Files\NVIDIA GPU Computing Toolkit\CUDA\v9.0\bin\cudart32_90.dll
  C:\Program Files\NVIDIA GPU Computing Toolkit\CUDA\v9.0\bin\cudart64_90.dll
          2 arquivo(s) copiado(s).
